\BOOKMARK [0][-]{chapter.1}{\376\377\000u\000n\000d\000e\000c\000i\000d\000e\000d}{}% 1
\BOOKMARK [1][-]{section.1.1}{\376\377\000S\000e\000t\000s\000,\000\040\000E\000x\000p\000e\000r\000i\000m\000e\000n\000t\000,\000\040\000a\000n\000d\000\040\000P\000r\000o\000b\000a\000b\000i\000l\000i\000t\000y}{chapter.1}% 2
\BOOKMARK [2][-]{subsection.1.1.1}{\376\377\000E\000x\000p\000e\000r\000i\000m\000e\000n\000t}{section.1.1}% 3
\BOOKMARK [2][-]{subsection.1.1.2}{\376\377\000B\000a\000s\000i\000c\000\040\000S\000e\000t\000\040\000T\000h\000e\000o\000r\000y}{section.1.1}% 4
\BOOKMARK [2][-]{subsection.1.1.3}{\376\377\000A\000x\000i\000o\000m\000s\000\040\000o\000f\000\040\000P\000r\000o\000b\000a\000b\000i\000l\000i\000t\000y}{section.1.1}% 5
\BOOKMARK [1][-]{section.1.2}{\376\377\000P\000r\000o\000b\000a\000b\000i\000l\000i\000t\000y\000\040\000a\000n\000d\000\040\000C\000o\000u\000n\000t\000i\000n\000g}{chapter.1}% 6
\BOOKMARK [2][-]{subsection.1.2.1}{\376\377\000C\000o\000u\000n\000t\000i\000n\000g}{section.1.2}% 7
\BOOKMARK [1][-]{section.1.3}{\376\377\000C\000o\000n\000d\000i\000t\000i\000o\000n\000a\000l\000\040\000P\000r\000o\000b\000a\000b\000i\000l\000i\000t\000y\000\040\000a\000n\000d\000\040\000I\000n\000d\000e\000p\000e\000n\000d\000e\000n\000c\000e}{chapter.1}% 8
\BOOKMARK [2][-]{subsection.1.3.1}{\376\377\000C\000o\000n\000d\000i\000t\000i\000o\000n\000a\000l\000\040\000P\000r\000o\000b\000a\000b\000i\000l\000i\000t\000y}{section.1.3}% 9
\BOOKMARK [2][-]{subsection.1.3.2}{\376\377\000I\000n\000d\000e\000p\000e\000n\000d\000e\000n\000c\000e}{section.1.3}% 10
\BOOKMARK [1][-]{section.1.4}{\376\377\000B\000a\000y\000e\000s\000'\000\040\000T\000h\000e\000o\000r\000e\000m\000\040}{chapter.1}% 11
\BOOKMARK [0][-]{chapter.2}{\376\377\000u\000n\000d\000e\000c\000i\000d\000e\000d}{}% 12
\BOOKMARK [1][-]{section.2.1}{\376\377\000R\000a\000n\000d\000o\000m\000\040\000V\000a\000r\000i\000a\000b\000l\000e\000s}{chapter.2}% 13
\BOOKMARK [1][-]{section.2.2}{\376\377\000D\000i\000s\000t\000r\000i\000b\000u\000t\000i\000o\000n\000\040\000o\000f\000\040\000R\000a\000n\000d\000o\000m\000\040\000V\000a\000r\000i\000a\000b\000l\000e\000s}{chapter.2}% 14
\BOOKMARK [2][-]{subsection.2.2.1}{\376\377\000P\000r\000o\000b\000a\000b\000i\000l\000i\000t\000y\000\040\000F\000u\000n\000c\000t\000i\000o\000n\000\040\000o\000f\000\040\000R\000a\000n\000d\000o\000m\000\040\000V\000a\000r\000i\000a\000b\000l\000e\000s}{section.2.2}% 15
\BOOKMARK [2][-]{subsection.2.2.2}{\376\377\000D\000i\000s\000t\000r\000i\000b\000u\000t\000i\000o\000n\000\040\000o\000f\000\040\000R\000a\000n\000d\000o\000m\000\040\000V\000a\000r\000i\000a\000b\000l\000e\000s}{section.2.2}% 16
\BOOKMARK [0][-]{chapter.3}{\376\377\000D\000i\000s\000c\000r\000e\000t\000e\000\040\000R\000a\000n\000d\000o\000m\000\040\000V\000a\000r\000i\000a\000b\000l\000e}{}% 17
\BOOKMARK [1][-]{section.3.1}{\376\377\000U\000n\000i\000f\000o\000r\000m\000\040\000D\000i\000s\000c\000r\000e\000t\000e\000\040\000R\000a\000n\000d\000o\000m\000\040\000V\000a\000r\000i\000a\000b\000l\000e}{chapter.3}% 18
\BOOKMARK [1][-]{section.3.2}{\376\377\000B\000i\000n\000o\000m\000i\000a\000l\000\040\000D\000i\000s\000t\000r\000i\000b\000u\000t\000i\000o\000n}{chapter.3}% 19
\BOOKMARK [1][-]{section.3.3}{\376\377\000H\000y\000p\000e\000r\000g\000e\000o\000m\000e\000t\000r\000i\000c\000\040\000D\000i\000s\000t\000r\000i\000b\000u\000t\000i\000o\000n}{chapter.3}% 20
\BOOKMARK [1][-]{section.3.4}{\376\377\000B\000e\000r\000n\000o\000u\000l\000l\000i\000\040\000D\000i\000s\000t\000r\000i\000b\000u\000t\000i\000o\000n}{chapter.3}% 21
\BOOKMARK [1][-]{section.3.5}{\376\377\000P\000o\000i\000s\000s\000o\000n\000\040\000D\000i\000s\000t\000r\000i\000b\000u\000t\000i\000o\000n}{chapter.3}% 22
\BOOKMARK [1][-]{section.3.6}{\376\377\000N\000e\000g\000a\000t\000i\000v\000e\000\040\000B\000i\000n\000o\000m\000i\000a\000l\000\040\000D\000i\000s\000t\000r\000i\000b\000u\000t\000i\000o\000n}{chapter.3}% 23
\BOOKMARK [1][-]{section.3.7}{\376\377\000G\000e\000o\000m\000e\000t\000r\000i\000c\000\040\000D\000i\000s\000t\000r\000i\000b\000u\000t\000i\000o\000n}{chapter.3}% 24
\BOOKMARK [1][-]{section.3.8}{\376\377\000R\000e\000l\000a\000t\000i\000o\000n\000s\000h\000i\000p\000s\000\040\000B\000e\000t\000w\000e\000e\000n\000\040\000D\000i\000s\000c\000r\000e\000t\000e\000\040\000D\000i\000s\000t\000r\000i\000b\000u\000t\000i\000o\000n\000s}{chapter.3}% 25
\BOOKMARK [2][-]{subsection.3.8.1}{\376\377\000B\000i\000n\000o\000m\000i\000a\000l\000\040\000a\000n\000d\000\040\000H\000y\000p\000e\000r\000g\000e\000o\000m\000e\000t\000r\000i\000c}{section.3.8}% 26
\BOOKMARK [2][-]{subsection.3.8.2}{\376\377\000B\000i\000n\000o\000m\000i\000a\000l\000\040\000a\000n\000d\000\040\000P\000o\000i\000s\000s\000o\000n}{section.3.8}% 27
\BOOKMARK [0][-]{chapter.4}{\376\377\000C\000o\000n\000t\000i\000n\000u\000o\000u\000s\000\040\000R\000a\000n\000d\000o\000m\000\040\000V\000a\000r\000i\000a\000b\000l\000e}{}% 28
\BOOKMARK [1][-]{section.4.1}{\376\377\000I\000n\000t\000r\000o\000d\000u\000c\000t\000i\000o\000n}{chapter.4}% 29
\BOOKMARK [1][-]{section.4.2}{\376\377\000U\000n\000i\000f\000o\000r\000m\000\040\000C\000o\000n\000t\000i\000n\000u\000o\000u\000s\000\040\000D\000i\000s\000t\000r\000i\000b\000u\000t\000i\000o\000n}{chapter.4}% 30
\BOOKMARK [1][-]{section.4.3}{\376\377\000N\000o\000r\000m\000a\000l\000\040\000D\000i\000s\000t\000r\000i\000b\000u\000t\000i\000o\000n}{chapter.4}% 31
\BOOKMARK [2][-]{subsection.4.3.1}{\376\377\000P\000e\000r\000c\000e\000n\000t\000i\000l\000e\000\040\000a\000n\000d\000\040\000C\000r\000i\000t\000i\000c\000a\000l\000\040\000V\000a\000l\000u\000e\000s}{section.4.3}% 32
\BOOKMARK [2][-]{subsection.4.3.2}{\376\377\000A\000p\000p\000r\000o\000x\000i\000m\000a\000t\000i\000n\000g\000\040\000B\000i\000n\000\050\000n\000,\000p\000\051\000\040\000u\000s\000i\000n\000g\000\040\000N\000o\000r\000m\000a\000l\000\040\000D\000i\000s\000t\000r\000i\000b\000u\000t\000i\000o\000n}{section.4.3}% 33
\BOOKMARK [1][-]{section.4.4}{\376\377\000G\000a\000m\000m\000a\000\040\000D\000i\000s\000t\000r\000i\000b\000u\000t\000i\000o\000n}{chapter.4}% 34
\BOOKMARK [2][-]{subsection.4.4.1}{\376\377\000S\000p\000e\000c\000i\000a\000l\000\040\000C\000a\000s\000e\000s\000\040\000o\000f\000\040\000G\000a\000m\000m\000a\000\040\000D\000i\000s\000t\000r\000i\000b\000u\000t\000i\000o\000n}{section.4.4}% 35
\BOOKMARK [1][-]{section.4.5}{\376\377\000L\000o\000g\000n\000o\000r\000m\000a\000l\000\040\000D\000i\000s\000t\000r\000i\000b\000u\000t\000i\000o\000n}{chapter.4}% 36
\BOOKMARK [1][-]{section.4.6}{\376\377\000B\000e\000t\000a\000\040\000D\000i\000s\000t\000r\000i\000b\000u\000t\000i\000o\000n}{chapter.4}% 37
\BOOKMARK [1][-]{section.4.7}{\376\377\000C\000a\000u\000c\000h\000y\000\040\000D\000i\000s\000t\000r\000i\000b\000u\000t\000i\000o\000n}{chapter.4}% 38
\BOOKMARK [0][-]{chapter.5}{\376\377\000J\000o\000i\000n\000t\000\040\000D\000i\000s\000t\000r\000i\000b\000u\000t\000i\000o\000n}{}% 39
\BOOKMARK [1][-]{section.5.1}{\376\377\000T\000w\000o\000\040\000D\000i\000s\000c\000r\000e\000t\000e\000\040\000R\000a\000n\000d\000o\000m\000\040\000V\000a\000r\000i\000a\000b\000l\000e}{chapter.5}% 40
\BOOKMARK [1][-]{section.5.2}{\376\377\000T\000w\000o\000\040\000C\000o\000n\000t\000i\000n\000u\000o\000u\000s\000\040\000R\000a\000n\000d\000o\000m\000\040\000V\000a\000r\000i\000a\000b\000l\000e\000s}{chapter.5}% 41
\BOOKMARK [1][-]{section.5.3}{\376\377\000I\000n\000d\000e\000p\000e\000n\000d\000e\000n\000t\000\040\000R\000a\000n\000d\000o\000m\000\040\000V\000a\000r\000i\000a\000b\000l\000e\000s}{chapter.5}% 42
\BOOKMARK [1][-]{section.5.4}{\376\377\000E\000x\000p\000e\000c\000t\000e\000d\000\040\000V\000a\000l\000u\000e\000s\000\040\000a\000n\000d\000\040\000C\000o\000v\000a\000r\000i\000a\000n\000c\000e\000s\000\040\000o\000f\000\040\000J\000o\000i\000n\000t\000\040\000D\000i\000s\000t\000r\000i\000b\000u\000t\000i\000o\000n}{chapter.5}% 43
\BOOKMARK [1][-]{section.5.5}{\376\377\000C\000o\000r\000r\000e\000l\000a\000t\000i\000o\000n\000\040\000C\000o\000e\000f\000f\000i\000c\000i\000e\000n\000t}{chapter.5}% 44
\BOOKMARK [1][-]{section.5.6}{\376\377\000L\000i\000n\000e\000a\000r\000\040\000C\000o\000m\000b\000i\000n\000a\000t\000i\000o\000n\000\040\000o\000f\000\040\000R\000a\000n\000d\000o\000m\000\040\000V\000a\000r\000i\000a\000b\000l\000e\000s}{chapter.5}% 45
\BOOKMARK [0][-]{chapter.6}{\376\377\000R\000a\000n\000d\000o\000m\000\040\000S\000a\000m\000p\000l\000e\000\040\000a\000n\000d\000\040\000S\000t\000a\000t\000i\000s\000t\000i\000c\000s}{}% 46
\BOOKMARK [1][-]{section.6.1}{\376\377\000R\000a\000n\000d\000o\000m\000\040\000S\000a\000m\000p\000l\000e}{chapter.6}% 47
\BOOKMARK [1][-]{section.6.2}{\376\377\000S\000t\000a\000t\000i\000s\000t\000i\000c\000s}{chapter.6}% 48
\BOOKMARK [1][-]{section.6.3}{\376\377\000S\000a\000m\000p\000l\000i\000n\000g\000\040\000D\000i\000s\000t\000r\000i\000b\000u\000t\000i\000o\000n\000\040\000a\000n\000d\000\040\000C\000e\000n\000t\000r\000a\000l\000\040\000L\000i\000m\000i\000t\000\040\000T\000h\000e\000o\000r\000e\000m}{chapter.6}% 49
\BOOKMARK [2][-]{subsection.6.3.1}{\376\377\000S\000a\000m\000p\000l\000i\000n\000g\000\040\000D\000i\000s\000t\000r\000i\000b\000u\000t\000i\000o\000n}{section.6.3}% 50
\BOOKMARK [2][-]{subsection.6.3.2}{\376\377\000C\000e\000n\000t\000r\000a\000l\000\040\000L\000i\000m\000i\000t\000\040\000T\000h\000e\000o\000r\000e\000m}{section.6.3}% 51
\BOOKMARK [0][-]{chapter.7}{\376\377\000P\000o\000i\000n\000t\000\040\000E\000s\000t\000i\000m\000a\000t\000i\000o\000n}{}% 52
\BOOKMARK [1][-]{section.7.1}{\376\377\000I\000n\000t\000r\000o\000d\000u\000c\000t\000i\000o\000n\000\040\000t\000o\000\040\000P\000o\000i\000n\000t\000\040\000E\000s\000t\000i\000m\000a\000t\000i\000o\000n}{chapter.7}% 53
\BOOKMARK [1][-]{section.7.2}{\376\377\000P\000r\000i\000n\000c\000i\000p\000l\000e\000\040\000o\000f\000\040\000U\000n\000b\000i\000a\000s\000e\000d\000\040\000E\000s\000t\000i\000m\000a\000t\000i\000o\000n}{chapter.7}% 54
\BOOKMARK [1][-]{section.7.3}{\376\377\000M\000e\000t\000h\000o\000d\000s\000\040\000o\000f\000\040\000P\000o\000i\000n\000t\000\040\000E\000s\000t\000i\000m\000a\000t\000i\000o\000n}{chapter.7}% 55
\BOOKMARK [2][-]{subsection.7.3.1}{\376\377\000T\000h\000e\000\040\000M\000e\000t\000h\000o\000d\000\040\000o\000f\000\040\000M\000o\000m\000e\000n\000t\000s}{section.7.3}% 56
\BOOKMARK [2][-]{subsection.7.3.2}{\376\377\000M\000a\000x\000i\000m\000u\000m\000\040\000L\000i\000k\000e\000l\000i\000h\000o\000o\000d\000\040\000E\000s\000t\000i\000m\000a\000t\000i\000o\000n}{section.7.3}% 57
